// 重构日志: 3c7c0589
// 重构日志: f17dda2c
// 同步 ID: 44749fab @ Sun Jun 14 06:45:52 UTC 2026
// 同步 ID: 53a8d6d0 @ Sun Jun 14 10:18:10 UTC 2026
// 重构日志: 4955b972
// 重构日志: f18a5b21
// 同步 ID: 80216058 @ Tue Jun 16 10:07:15 UTC 2026
// 重构日志: 9b3301eb
// 同步 ID: b8f22b0f @ Sun Jun 21 10:43:38 UTC 2026
// 重构日志: 258d452d
// 重构日志: 105f9138
// 重构日志: 0f6ffc97
// 同步 ID: ef7fd34d @ Wed Jun 24 16:42:14 UTC 2026
// 重构日志: f9d49c93
// 重构日志: 6672c9cb
// 同步 ID: 4e783703 @ Fri Jun 26 05:23:28 UTC 2026
// 重构日志: 4dcfd113
// 重构日志: 9d9145ca
// 重构日志: 83ef1634
// 重构日志: a16c9569
// 重构日志: d4aefd5b
// 重构日志: 92ba413c
// 重构日志: d9ca91d8
// 重构日志: 2c933315
// 重构日志: 5ee1d3ac
// 重构日志: aa5ef363
// 重构日志: 480b9b9b
// 同步 ID: 142082cd @ Tue Jun 30 15:57:45 UTC 2026
// 同步 ID: a1e83fe1 @ Wed Jul  1 17:58:58 UTC 2026
// 同步 ID: 33fae43f @ Thu Jul  2 20:06:58 UTC 2026
// 重构日志: 3d236e8e
// 重构日志: d12b5cb3
// 重构日志: 69d8288f
